2025-12-06 09:56:19 +07:00: ✓ Graceful shutdown handlers registered
2025-12-06 09:56:19 +07:00: ✓ Server is running on http://localhost:3000
2025-12-06 09:56:19 +07:00: ✓ Access from: http://10.247.199.210:3000
2025-12-06 09:56:19 +07:00: ✓ Health check: http://10.247.199.210:3000/health
2025-12-06 09:56:19 +07:00: ✓ Cache system ready (lazy load enabled)
2025-12-06 09:59:34 +07:00: ✓ Graceful shutdown handlers registered
2025-12-06 09:59:34 +07:00: ✓ Server is running on http://localhost:3000
2025-12-06 09:59:34 +07:00: ✓ Access from: http://10.247.199.210:3000
2025-12-06 09:59:34 +07:00: ✓ Health check: http://10.247.199.210:3000/health
2025-12-06 09:59:34 +07:00: ✓ Cache system ready (lazy load enabled)
2025-12-06 10:01:28 +07:00: GET / - 200 (12ms)
2025-12-06 10:01:28 +07:00: GET /api/work-days - 200 (3ms)
2025-12-06 10:01:28 +07:00: GET /api/working-days - 200 (2ms)
2025-12-06 10:01:28 +07:00: GET /favicon.ico - 404 (2ms)
2025-12-06 10:01:28 +07:00: ✓ Loaded 1326 records from production_data.json
2025-12-06 10:01:28 +07:00: GET /api/production - 200 (25ms)
2025-12-06 10:01:35 +07:00: GET / - 200 (2ms)
2025-12-06 10:01:35 +07:00: GET /api/work-days - 200 (1ms)
2025-12-06 10:01:35 +07:00: GET /api/working-days - 200 (1ms)
2025-12-06 10:01:35 +07:00: GET /favicon.ico - 404 (1ms)
2025-12-06 10:01:35 +07:00: GET /api/production - 200 (8ms)
2025-12-06 10:01:51 +07:00: GET / - 304 (2ms)
2025-12-06 10:01:51 +07:00: GET /api/work-days - 304 (1ms)
2025-12-06 10:01:51 +07:00: GET /api/working-days - 304 (1ms)
2025-12-06 10:01:51 +07:00: GET /api/production - 304 (7ms)
2025-12-06 10:01:52 +07:00: GET / - 304 (1ms)
2025-12-06 10:01:52 +07:00: GET /api/working-days - 304 (1ms)
2025-12-06 10:01:52 +07:00: GET /api/work-days - 304 (1ms)
2025-12-06 10:01:52 +07:00: GET /api/production - 304 (8ms)
2025-12-06 10:01:52 +07:00: GET / - 304 (1ms)
2025-12-06 10:01:52 +07:00: GET /api/work-days - 304 (2ms)
2025-12-06 10:01:52 +07:00: GET /api/working-days - 304 (2ms)
2025-12-06 10:01:52 +07:00: GET /api/production - 304 (6ms)
2025-12-06 10:01:52 +07:00: GET / - 304 (1ms)
2025-12-06 10:01:52 +07:00: GET /api/work-days - 304 (2ms)
2025-12-06 10:01:52 +07:00: GET /api/working-days - 304 (1ms)
2025-12-06 10:01:52 +07:00: GET /api/production - 304 (7ms)
2025-12-06 10:01:52 +07:00: GET / - 304 (1ms)
2025-12-06 10:01:52 +07:00: GET /api/work-days - 304 (1ms)
2025-12-06 10:01:52 +07:00: GET /api/working-days - 304 (1ms)
2025-12-06 10:01:52 +07:00: GET /api/production - 304 (7ms)
2025-12-06 10:01:53 +07:00: GET / - 304 (1ms)
2025-12-06 10:01:53 +07:00: GET /api/work-days - 304 (1ms)
2025-12-06 10:01:53 +07:00: GET /api/working-days - 304 (1ms)
2025-12-06 10:01:53 +07:00: GET /api/production - 304 (6ms)
2025-12-06 10:01:53 +07:00: GET / - 304 (1ms)
2025-12-06 10:01:53 +07:00: GET /api/work-days - 304 (0ms)
2025-12-06 10:01:53 +07:00: GET /api/working-days - 304 (0ms)
2025-12-06 10:01:53 +07:00: GET /api/production - 304 (6ms)
2025-12-06 10:01:53 +07:00: GET / - 304 (2ms)
2025-12-06 10:01:53 +07:00: GET /api/work-days - 304 (2ms)
2025-12-06 10:01:53 +07:00: GET /api/working-days - 304 (0ms)
2025-12-06 10:01:53 +07:00: GET /api/production - 304 (10ms)
2025-12-06 10:01:53 +07:00: GET / - 304 (2ms)
2025-12-06 10:01:53 +07:00: GET /api/work-days - 304 (1ms)
2025-12-06 10:01:53 +07:00: GET /api/working-days - 304 (0ms)
2025-12-06 10:01:53 +07:00: GET /api/production - 304 (5ms)
2025-12-06 10:01:54 +07:00: 📥 Cache refresh requested...
2025-12-06 10:01:54 +07:00: Starting DB refresh...
2025-12-06 10:01:55 +07:00: ✓ Refreshed 1326 records from DB
2025-12-06 10:01:55 +07:00: POST /api/refresh-cache - 200 (1129ms)
2025-12-06 10:01:56 +07:00: GET /api/work-days - 304 (2ms)
2025-12-06 10:01:56 +07:00: GET /api/working-days - 304 (1ms)
2025-12-06 10:01:56 +07:00: GET /api/production - 304 (6ms)
2025-12-06 10:02:02 +07:00: GET /api/working-days - 304 (1ms)
2025-12-06 10:02:02 +07:00: GET /api/work-days - 304 (2ms)
2025-12-06 10:02:02 +07:00: GET /api/production - 304 (5ms)
2025-12-06 10:04:25 +07:00: ✓ Graceful shutdown handlers registered
2025-12-06 10:04:25 +07:00: ✓ Server is running on http://localhost:3000
2025-12-06 10:04:25 +07:00: ✓ Access from: http://10.247.199.210:3000
2025-12-06 10:04:25 +07:00: ✓ Health check: http://10.247.199.210:3000/health
2025-12-06 10:04:25 +07:00: ✓ Cache system ready (lazy load enabled)
2025-12-06 10:04:36 +07:00: GET / - 304 (9ms)
2025-12-06 10:04:36 +07:00: GET /api/work-days - 304 (1ms)
2025-12-06 10:04:36 +07:00: GET /api/working-days - 304 (1ms)
2025-12-06 10:04:36 +07:00: ✓ Loaded 1326 records from production_data.json
2025-12-06 10:04:36 +07:00: GET /api/production - 304 (25ms)
2025-12-06 10:04:37 +07:00: GET / - 304 (2ms)
2025-12-06 10:04:37 +07:00: GET /api/work-days - 304 (1ms)
2025-12-06 10:04:37 +07:00: GET /api/working-days - 304 (2ms)
2025-12-06 10:04:37 +07:00: GET /api/production - 304 (7ms)
2025-12-06 10:04:46 +07:00: GET /api/work-days - 304 (1ms)
2025-12-06 10:04:46 +07:00: GET /api/working-days - 304 (1ms)
2025-12-06 10:04:46 +07:00: GET /api/production - 304 (11ms)
2025-12-06 10:06:59 +07:00: GET / - 304 (1ms)
2025-12-06 10:06:59 +07:00: GET /api/work-days - 304 (2ms)
2025-12-06 10:06:59 +07:00: GET /api/working-days - 304 (1ms)
2025-12-06 10:06:59 +07:00: GET /api/production - 304 (9ms)
2025-12-06 10:08:50 +07:00: GET / - 304 (1ms)
2025-12-06 10:08:50 +07:00: GET /api/work-days - 304 (0ms)
2025-12-06 10:08:50 +07:00: GET /api/working-days - 304 (1ms)
2025-12-06 10:08:50 +07:00: GET /api/production - 304 (7ms)
2025-12-06 10:08:54 +07:00: GET / - 304 (1ms)
2025-12-06 10:08:54 +07:00: GET /api/working-days - 304 (1ms)
2025-12-06 10:08:54 +07:00: GET /api/work-days - 304 (1ms)
2025-12-06 10:08:54 +07:00: GET /api/production - 304 (6ms)
2025-12-06 10:09:15 +07:00: ✓ Graceful shutdown handlers registered
2025-12-06 10:09:15 +07:00: ✓ Server is running on http://localhost:3000
2025-12-06 10:09:15 +07:00: ✓ Access from: http://10.247.199.210:3000
2025-12-06 10:09:15 +07:00: ✓ Health check: http://10.247.199.210:3000/health
2025-12-06 10:09:15 +07:00: ✓ Cache system ready (lazy load enabled)
2025-12-06 10:09:18 +07:00: GET / - 304 (9ms)
2025-12-06 10:09:18 +07:00: GET /api/work-days - 304 (1ms)
2025-12-06 10:09:18 +07:00: GET /api/working-days - 304 (1ms)
2025-12-06 10:09:18 +07:00: ✓ Loaded 1326 records from production_data.json
2025-12-06 10:09:18 +07:00: GET /api/production - 304 (20ms)
2025-12-06 10:10:56 +07:00: GET / - 304 (2ms)
2025-12-06 10:10:56 +07:00: GET /api/working-days - 304 (2ms)
2025-12-06 10:10:56 +07:00: GET /api/work-days - 304 (1ms)
2025-12-06 10:10:56 +07:00: GET /api/production - 304 (8ms)
2025-12-06 10:10:58 +07:00: GET / - 200 (2ms)
2025-12-06 10:10:59 +07:00: GET /api/work-days - 200 (2ms)
2025-12-06 10:10:59 +07:00: GET /api/working-days - 200 (1ms)
2025-12-06 10:10:59 +07:00: GET /favicon.ico - 404 (1ms)
2025-12-06 10:10:59 +07:00: GET /api/production - 304 (7ms)
2025-12-06 10:11:15 +07:00: GET / - 200 (2ms)
2025-12-06 10:11:16 +07:00: GET /api/working-days - 200 (2ms)
2025-12-06 10:11:16 +07:00: GET /api/work-days - 200 (2ms)
2025-12-06 10:11:16 +07:00: GET /favicon.ico - 404 (3ms)
2025-12-06 10:11:16 +07:00: GET /api/production - 304 (7ms)
2025-12-06 10:12:11 +07:00: GET / - 200 (2ms)
2025-12-06 10:12:11 +07:00: GET /api/work-days - 200 (2ms)
2025-12-06 10:12:11 +07:00: GET /api/working-days - 200 (1ms)
2025-12-06 10:12:11 +07:00: GET /favicon.ico - 404 (1ms)
2025-12-06 10:12:11 +07:00: GET /api/production - 304 (7ms)
2025-12-06 10:12:19 +07:00: GET / - 304 (2ms)
2025-12-06 10:12:19 +07:00: GET /api/work-days - 304 (2ms)
2025-12-06 10:12:19 +07:00: GET /api/working-days - 304 (1ms)
2025-12-06 10:12:19 +07:00: GET /api/production - 304 (8ms)
2025-12-06 10:12:40 +07:00: GET / - 304 (1ms)
2025-12-06 10:12:41 +07:00: GET /api/work-days - 304 (1ms)
2025-12-06 10:12:41 +07:00: GET /api/working-days - 304 (1ms)
2025-12-06 10:12:41 +07:00: GET /favicon.ico - 404 (1ms)
2025-12-06 10:12:41 +07:00: GET /api/production - 304 (9ms)
2025-12-06 10:12:44 +07:00: GET /health - 200 (1ms)
2025-12-06 10:13:56 +07:00: ✓ Graceful shutdown handlers registered
2025-12-06 10:13:56 +07:00: ✓ Server is running on http://localhost:3000
2025-12-06 10:13:56 +07:00: ✓ Access from: http://10.247.199.210:3000
2025-12-06 10:13:56 +07:00: ✓ Health check: http://10.247.199.210:3000/health
2025-12-06 10:13:56 +07:00: ✓ Cache system ready (lazy load enabled)
2025-12-06 10:14:18 +07:00: GET / - 304 (8ms)
2025-12-06 10:14:18 +07:00: GET /api/working-days - 304 (2ms)
2025-12-06 10:14:18 +07:00: GET /api/work-days - 304 (1ms)
2025-12-06 10:14:18 +07:00: GET /favicon.ico - 404 (2ms)
2025-12-06 10:14:18 +07:00: ✓ Loaded 1326 records from production_data.json
2025-12-06 10:14:18 +07:00: GET /api/production - 304 (22ms)
2025-12-06 10:14:22 +07:00: GET / - 304 (1ms)
2025-12-06 10:14:22 +07:00: GET /api/work-days - 304 (2ms)
2025-12-06 10:14:22 +07:00: GET /api/working-days - 304 (1ms)
2025-12-06 10:14:22 +07:00: GET /api/production - 304 (8ms)
2025-12-06 10:15:34 +07:00: GET /api/working-days - 304 (2ms)
2025-12-06 10:15:34 +07:00: GET /api/work-days - 304 (2ms)
2025-12-06 10:15:34 +07:00: GET /api/production - 304 (9ms)
2025-12-06 10:15:53 +07:00: POST /api/comments - 200 (2ms)
2025-12-06 10:15:53 +07:00: GET /api/work-days - 304 (1ms)
2025-12-06 10:15:53 +07:00: GET /api/working-days - 304 (0ms)
2025-12-06 10:15:53 +07:00: GET /api/production - 200 (8ms)
2025-12-06 10:16:27 +07:00: POST /api/comments - 200 (1ms)
2025-12-06 10:16:27 +07:00: GET /api/work-days - 304 (1ms)
2025-12-06 10:16:27 +07:00: GET /api/working-days - 304 (0ms)
2025-12-06 10:16:27 +07:00: GET /api/production - 200 (12ms)
2025-12-06 10:16:39 +07:00: POST /api/comments - 200 (2ms)
2025-12-06 10:16:39 +07:00: GET /api/work-days - 304 (1ms)
2025-12-06 10:16:39 +07:00: GET /api/working-days - 304 (1ms)
2025-12-06 10:16:39 +07:00: GET /api/production - 200 (8ms)
2025-12-06 10:17:48 +07:00: 📥 Cache refresh requested...
2025-12-06 10:17:48 +07:00: Starting DB refresh...
2025-12-06 10:17:49 +07:00: ✓ Refreshed 1326 records from DB
2025-12-06 10:17:49 +07:00: POST /api/refresh-cache - 200 (1078ms)
2025-12-06 10:17:50 +07:00: GET /api/work-days - 304 (2ms)
2025-12-06 10:17:50 +07:00: GET /api/working-days - 304 (1ms)
2025-12-06 10:17:50 +07:00: GET /api/production - 304 (5ms)
2025-12-06 10:20:11 +07:00: GET / - 304 (1ms)
2025-12-06 10:20:11 +07:00: GET /api/work-days - 304 (2ms)
2025-12-06 10:20:11 +07:00: GET /api/working-days - 304 (1ms)
2025-12-06 10:20:11 +07:00: GET /api/production - 304 (8ms)
2025-12-06 10:20:13 +07:00: 📥 Cache refresh requested...
2025-12-06 10:20:13 +07:00: Starting DB refresh...
2025-12-06 10:20:14 +07:00: ✓ Refreshed 1326 records from DB
2025-12-06 10:20:14 +07:00: POST /api/refresh-cache - 200 (1010ms)
2025-12-06 10:20:15 +07:00: GET /api/work-days - 304 (1ms)
2025-12-06 10:20:15 +07:00: GET /api/working-days - 304 (1ms)
2025-12-06 10:20:16 +07:00: GET /api/production - 304 (6ms)
2025-12-06 10:20:18 +07:00: GET /api/plan-data - 200 (3ms)
2025-12-06 10:20:18 +07:00: GET /api/work-days - 304 (1ms)
2025-12-06 10:20:45 +07:00: GET / - 304 (2ms)
2025-12-06 10:20:45 +07:00: GET /api/work-days - 304 (1ms)
2025-12-06 10:20:45 +07:00: GET /api/working-days - 304 (1ms)
2025-12-06 10:20:45 +07:00: GET /favicon.ico - 404 (1ms)
2025-12-06 10:20:45 +07:00: GET /api/production - 304 (6ms)
2025-12-06 10:23:12 +07:00: GET / - 304 (1ms)
2025-12-06 10:23:12 +07:00: GET /api/working-days - 304 (3ms)
2025-12-06 10:23:12 +07:00: GET /api/work-days - 304 (1ms)
2025-12-06 10:23:12 +07:00: GET /favicon.ico - 404 (0ms)
2025-12-06 10:23:12 +07:00: GET /api/production - 304 (7ms)
2025-12-06 10:23:17 +07:00: GET /api/work-days - 304 (1ms)
2025-12-06 10:23:17 +07:00: GET /api/plan-data - 304 (2ms)
2025-12-06 10:23:28 +07:00: GET / - 304 (1ms)
2025-12-06 10:23:29 +07:00: GET /api/working-days - 304 (2ms)
2025-12-06 10:23:29 +07:00: GET /api/work-days - 304 (2ms)
2025-12-06 10:23:29 +07:00: GET /favicon.ico - 404 (1ms)
2025-12-06 10:23:29 +07:00: GET /api/production - 304 (7ms)
2025-12-06 10:26:10 +07:00: ✓ Graceful shutdown handlers registered
2025-12-06 10:26:10 +07:00: ✓ Server is running on http://localhost:3000
2025-12-06 10:26:10 +07:00: ✓ Access from: http://10.247.199.210:3000
2025-12-06 10:26:10 +07:00: ✓ Health check: http://10.247.199.210:3000/health
2025-12-06 10:26:10 +07:00: ✓ Cache system ready (lazy load enabled)
2025-12-06 10:26:14 +07:00: GET / - 200 (9ms)
2025-12-06 10:26:14 +07:00: GET /api/work-days - 304 (2ms)
2025-12-06 10:26:14 +07:00: GET /api/working-days - 304 (2ms)
2025-12-06 10:26:14 +07:00: ✓ Loaded 1326 records from production_data.json
2025-12-06 10:26:14 +07:00: GET /api/production - 304 (18ms)
2025-12-06 10:27:47 +07:00: GET / - 304 (2ms)
2025-12-06 10:27:47 +07:00: GET /api/work-days - 304 (2ms)
2025-12-06 10:27:47 +07:00: GET /api/working-days - 304 (3ms)
2025-12-06 10:27:47 +07:00: GET /favicon.ico - 404 (2ms)
2025-12-06 10:27:47 +07:00: GET /api/production - 304 (9ms)
2025-12-06 10:27:49 +07:00: 📥 Cache refresh requested...
2025-12-06 10:27:49 +07:00: Starting DB refresh...
2025-12-06 10:27:50 +07:00: ✓ Refreshed 1326 records from DB
2025-12-06 10:27:50 +07:00: POST /api/refresh-cache - 200 (1067ms)
2025-12-06 10:27:51 +07:00: GET /api/work-days - 304 (4ms)
2025-12-06 10:27:51 +07:00: GET /api/working-days - 304 (1ms)
2025-12-06 10:27:51 +07:00: GET /api/production - 304 (5ms)
2025-12-06 10:28:09 +07:00: GET /api/work-days - 304 (1ms)
2025-12-06 10:28:09 +07:00: GET /api/working-days - 304 (1ms)
2025-12-06 10:28:09 +07:00: GET /api/production - 304 (9ms)
2025-12-06 10:28:21 +07:00: GET /api/work-days - 304 (1ms)
2025-12-06 10:28:21 +07:00: GET /api/plan-data - 304 (1ms)
2025-12-06 10:28:25 +07:00: GET /api/plan-data - 304 (3ms)
2025-12-06 10:28:25 +07:00: GET /api/work-days - 304 (2ms)
2025-12-06 10:28:28 +07:00: 📥 Cache refresh requested...
2025-12-06 10:28:28 +07:00: Starting DB refresh...
2025-12-06 10:28:29 +07:00: ✓ Refreshed 1326 records from DB
2025-12-06 10:28:29 +07:00: POST /api/refresh-cache - 200 (1047ms)
2025-12-06 10:28:29 +07:00: GET /api/work-days - 304 (2ms)
2025-12-06 10:28:29 +07:00: GET /api/plan-data - 304 (2ms)
2025-12-06 10:28:30 +07:00: GET /api/work-days - 304 (2ms)
2025-12-06 10:28:30 +07:00: GET /api/working-days - 304 (2ms)
2025-12-06 10:28:30 +07:00: GET /api/production - 304 (6ms)
2025-12-06 10:30:06 +07:00: GET / - 304 (1ms)
2025-12-06 10:30:06 +07:00: GET /api/work-days - 304 (2ms)
2025-12-06 10:30:06 +07:00: GET /api/working-days - 304 (1ms)
2025-12-06 10:30:06 +07:00: GET /favicon.ico - 404 (1ms)
2025-12-06 10:30:06 +07:00: GET /api/production - 304 (6ms)
2025-12-06 10:30:19 +07:00: GET /api/export-csv - 200 (1215ms)
2025-12-06 10:35:00 +07:00: GET / - 200 (1ms)
2025-12-06 10:35:00 +07:00: GET /api/work-days - 200 (2ms)
2025-12-06 10:35:00 +07:00: GET /api/working-days - 200 (1ms)
2025-12-06 10:35:00 +07:00: GET /favicon.ico - 404 (0ms)
2025-12-06 10:35:00 +07:00: GET /api/production - 200 (6ms)
2025-12-06 10:36:30 +07:00: 📥 Cache refresh requested...
2025-12-06 10:36:30 +07:00: Starting DB refresh...
2025-12-06 10:36:31 +07:00: ✓ Refreshed 1326 records from DB
2025-12-06 10:36:31 +07:00: POST /api/refresh-cache - 200 (1064ms)
2025-12-06 10:36:32 +07:00: GET /api/work-days - 304 (2ms)
2025-12-06 10:36:32 +07:00: GET /api/working-days - 304 (1ms)
2025-12-06 10:36:32 +07:00: GET /api/production - 304 (5ms)
2025-12-06 10:45:13 +07:00: GET / - 200 (1ms)
2025-12-06 10:45:13 +07:00: GET /api/work-days - 200 (2ms)
2025-12-06 10:45:13 +07:00: GET /api/working-days - 200 (2ms)
2025-12-06 10:45:13 +07:00: GET /favicon.ico - 404 (1ms)
2025-12-06 10:45:13 +07:00: GET /api/production - 200 (5ms)
2025-12-06 11:00:47 +07:00: GET / - 304 (1ms)
2025-12-06 11:00:47 +07:00: GET /api/work-days - 304 (2ms)
2025-12-06 11:00:47 +07:00: GET /api/working-days - 304 (2ms)
2025-12-06 11:00:47 +07:00: GET /favicon.ico - 404 (2ms)
2025-12-06 11:00:47 +07:00: GET /api/production - 304 (6ms)
2025-12-06 11:00:47 +07:00: GET / - 304 (1ms)
2025-12-06 11:00:47 +07:00: GET /api/work-days - 304 (2ms)
2025-12-06 11:00:47 +07:00: GET /api/working-days - 304 (1ms)
2025-12-06 11:00:47 +07:00: GET /api/production - 304 (5ms)
2025-12-06 11:00:50 +07:00: 📥 Cache refresh requested...
2025-12-06 11:00:50 +07:00: Starting DB refresh...
2025-12-06 11:00:51 +07:00: ✓ Refreshed 1326 records from DB
2025-12-06 11:00:51 +07:00: POST /api/refresh-cache - 200 (1119ms)
2025-12-06 11:00:52 +07:00: GET /api/work-days - 304 (2ms)
2025-12-06 11:00:52 +07:00: GET /api/working-days - 304 (2ms)
2025-12-06 11:00:52 +07:00: GET /api/production - 304 (4ms)
2025-12-06 11:12:25 +07:00: GET / - 304 (1ms)
2025-12-06 11:12:25 +07:00: GET /api/work-days - 304 (1ms)
2025-12-06 11:12:25 +07:00: GET /api/working-days - 304 (1ms)
2025-12-06 11:12:25 +07:00: GET /favicon.ico - 404 (1ms)
2025-12-06 11:12:25 +07:00: GET /api/production - 304 (7ms)
2025-12-06 11:47:43 +07:00: GET / - 304 (1ms)
2025-12-06 11:47:43 +07:00: GET /api/work-days - 304 (2ms)
2025-12-06 11:47:43 +07:00: GET /api/working-days - 304 (1ms)
2025-12-06 11:47:43 +07:00: GET /favicon.ico - 404 (0ms)
2025-12-06 11:47:43 +07:00: GET /api/production - 304 (7ms)
2025-12-06 11:47:45 +07:00: 📥 Cache refresh requested...
2025-12-06 11:47:45 +07:00: Starting DB refresh...
2025-12-06 11:47:46 +07:00: ✓ Refreshed 1326 records from DB
2025-12-06 11:47:46 +07:00: POST /api/refresh-cache - 200 (1143ms)
2025-12-06 11:47:47 +07:00: GET /api/work-days - 304 (1ms)
2025-12-06 11:47:47 +07:00: GET /api/working-days - 304 (1ms)
2025-12-06 11:47:47 +07:00: GET /api/production - 304 (8ms)
2025-12-06 12:11:30 +07:00: GET / - 200 (2ms)
2025-12-06 12:11:30 +07:00: GET /api/work-days - 200 (2ms)
2025-12-06 12:11:30 +07:00: GET /api/working-days - 200 (1ms)
2025-12-06 12:11:30 +07:00: GET /favicon.ico - 404 (0ms)
2025-12-06 12:11:30 +07:00: GET /api/production - 200 (6ms)
2025-12-06 12:57:41 +07:00: GET / - 304 (2ms)
2025-12-06 12:57:41 +07:00: GET /api/work-days - 304 (2ms)
2025-12-06 12:57:41 +07:00: GET /api/working-days - 304 (1ms)
2025-12-06 12:57:41 +07:00: GET /favicon.ico - 404 (1ms)
2025-12-06 12:57:41 +07:00: GET /api/production - 304 (13ms)
2025-12-06 13:00:54 +07:00: GET / - 304 (2ms)
2025-12-06 13:00:54 +07:00: GET /api/working-days - 304 (2ms)
2025-12-06 13:00:54 +07:00: GET /api/work-days - 304 (2ms)
2025-12-06 13:00:54 +07:00: GET /api/production - 304 (7ms)
2025-12-06 13:01:41 +07:00: GET / - 200 (0ms)
2025-12-06 13:01:41 +07:00: GET /api/work-days - 200 (2ms)
2025-12-06 13:01:41 +07:00: GET /api/working-days - 200 (2ms)
2025-12-06 13:01:41 +07:00: GET /favicon.ico - 404 (1ms)
2025-12-06 13:01:41 +07:00: GET /api/production - 304 (5ms)
2025-12-06 13:01:52 +07:00: GET /api/work-days - 304 (1ms)
2025-12-06 13:01:52 +07:00: GET /api/working-days - 304 (1ms)
2025-12-06 13:01:52 +07:00: GET /api/production - 304 (7ms)
2025-12-06 13:22:32 +07:00: GET / - 304 (1ms)
2025-12-06 13:22:32 +07:00: GET /api/work-days - 304 (3ms)
2025-12-06 13:22:32 +07:00: GET /api/working-days - 304 (2ms)
2025-12-06 13:22:32 +07:00: GET /favicon.ico - 404 (1ms)
2025-12-06 13:22:32 +07:00: GET /api/production - 304 (5ms)
2025-12-06 13:22:35 +07:00: 📥 Cache refresh requested...
2025-12-06 13:22:35 +07:00: Starting DB refresh...
2025-12-06 13:22:36 +07:00: ✓ Refreshed 1380 records from DB
2025-12-06 13:22:36 +07:00: POST /api/refresh-cache - 200 (1263ms)
2025-12-06 13:22:37 +07:00: GET /api/work-days - 304 (2ms)
2025-12-06 13:22:37 +07:00: GET /api/working-days - 304 (1ms)
2025-12-06 13:22:37 +07:00: GET /api/production - 200 (8ms)
2025-12-06 13:22:43 +07:00: 📥 Cache refresh requested...
2025-12-06 13:22:43 +07:00: Starting DB refresh...
2025-12-06 13:22:44 +07:00: ✓ Refreshed 1380 records from DB
2025-12-06 13:22:44 +07:00: POST /api/refresh-cache - 200 (933ms)
2025-12-06 13:22:45 +07:00: GET /api/work-days - 304 (1ms)
2025-12-06 13:22:45 +07:00: GET /api/working-days - 304 (0ms)
2025-12-06 13:22:45 +07:00: GET /api/production - 304 (7ms)
2025-12-06 13:22:50 +07:00: GET /api/export-csv - 200 (1188ms)
2025-12-06 13:23:34 +07:00: 📥 Cache refresh requested...
2025-12-06 13:23:34 +07:00: Starting DB refresh...
2025-12-06 13:23:35 +07:00: ✓ Refreshed 1380 records from DB
2025-12-06 13:23:35 +07:00: POST /api/refresh-cache - 200 (1211ms)
2025-12-06 13:23:36 +07:00: GET /api/work-days - 304 (3ms)
2025-12-06 13:23:36 +07:00: GET /api/working-days - 304 (1ms)
2025-12-06 13:23:36 +07:00: GET /api/production - 304 (5ms)
2025-12-06 13:24:06 +07:00: GET /api/work-days - 304 (1ms)
2025-12-06 13:24:06 +07:00: GET /api/working-days - 304 (2ms)
2025-12-06 13:24:06 +07:00: GET /api/production - 304 (8ms)
2025-12-06 13:24:07 +07:00: 📥 Cache refresh requested...
2025-12-06 13:24:07 +07:00: Starting DB refresh...
2025-12-06 13:24:08 +07:00: ✓ Refreshed 1380 records from DB
2025-12-06 13:24:08 +07:00: POST /api/refresh-cache - 200 (1118ms)
2025-12-06 13:24:09 +07:00: GET /api/working-days - 304 (2ms)
2025-12-06 13:24:09 +07:00: GET /api/work-days - 304 (1ms)
2025-12-06 13:24:09 +07:00: GET /api/production - 304 (5ms)
2025-12-06 13:25:48 +07:00: GET / - 304 (1ms)
2025-12-06 13:25:48 +07:00: GET /api/work-days - 304 (2ms)
2025-12-06 13:25:48 +07:00: GET /api/working-days - 304 (1ms)
2025-12-06 13:25:48 +07:00: GET /api/production - 304 (8ms)
2025-12-06 13:25:50 +07:00: 📥 Cache refresh requested...
2025-12-06 13:25:50 +07:00: Starting DB refresh...
2025-12-06 13:25:51 +07:00: ✓ Refreshed 1380 records from DB
2025-12-06 13:25:51 +07:00: POST /api/refresh-cache - 200 (1498ms)
2025-12-06 13:25:52 +07:00: GET /api/working-days - 304 (2ms)
2025-12-06 13:25:52 +07:00: GET /api/work-days - 304 (2ms)
2025-12-06 13:25:52 +07:00: GET /api/production - 304 (9ms)
2025-12-06 13:26:32 +07:00: GET / - 200 (1ms)
2025-12-06 13:26:32 +07:00: GET /api/working-days - 200 (2ms)
2025-12-06 13:26:32 +07:00: GET /api/work-days - 200 (2ms)
2025-12-06 13:26:32 +07:00: GET /favicon.ico - 404 (0ms)
2025-12-06 13:26:32 +07:00: GET /api/production - 304 (6ms)
2025-12-06 13:26:34 +07:00: 📥 Cache refresh requested...
2025-12-06 13:26:34 +07:00: Starting DB refresh...
2025-12-06 13:26:35 +07:00: ✓ Refreshed 1380 records from DB
2025-12-06 13:26:35 +07:00: POST /api/refresh-cache - 200 (1084ms)
2025-12-06 13:26:36 +07:00: GET /api/work-days - 304 (2ms)
2025-12-06 13:26:36 +07:00: GET /api/working-days - 304 (2ms)
2025-12-06 13:26:36 +07:00: GET /api/production - 304 (6ms)
2025-12-06 13:27:12 +07:00: GET / - 200 (2ms)
2025-12-06 13:27:13 +07:00: GET /api/working-days - 200 (2ms)
2025-12-06 13:27:13 +07:00: GET /api/work-days - 200 (1ms)
2025-12-06 13:27:13 +07:00: GET /favicon.ico - 404 (1ms)
2025-12-06 13:27:13 +07:00: GET /api/production - 304 (15ms)
2025-12-06 13:27:14 +07:00: 📥 Cache refresh requested...
2025-12-06 13:27:14 +07:00: Starting DB refresh...
2025-12-06 13:27:15 +07:00: ✓ Refreshed 1380 records from DB
2025-12-06 13:27:15 +07:00: POST /api/refresh-cache - 200 (1289ms)
2025-12-06 13:27:16 +07:00: GET /api/working-days - 304 (2ms)
2025-12-06 13:27:16 +07:00: GET /api/work-days - 304 (2ms)
2025-12-06 13:27:16 +07:00: GET /api/production - 304 (5ms)
2025-12-06 13:27:27 +07:00: GET / - 304 (1ms)
2025-12-06 13:27:27 +07:00: GET /api/work-days - 304 (1ms)
2025-12-06 13:27:27 +07:00: GET /api/working-days - 304 (1ms)
2025-12-06 13:27:27 +07:00: GET /favicon.ico - 404 (1ms)
2025-12-06 13:27:27 +07:00: GET /api/production - 304 (7ms)
2025-12-06 13:27:31 +07:00: 📥 Cache refresh requested...
2025-12-06 13:27:31 +07:00: Starting DB refresh...
2025-12-06 13:27:32 +07:00: ✓ Refreshed 1380 records from DB
2025-12-06 13:27:32 +07:00: POST /api/refresh-cache - 200 (1006ms)
2025-12-06 13:27:33 +07:00: GET /api/work-days - 304 (1ms)
2025-12-06 13:27:33 +07:00: GET /api/working-days - 304 (1ms)
2025-12-06 13:27:33 +07:00: GET /api/production - 304 (7ms)
2025-12-06 13:29:53 +07:00: GET / - 304 (1ms)
2025-12-06 13:29:53 +07:00: GET /api/work-days - 304 (2ms)
2025-12-06 13:29:53 +07:00: GET /api/working-days - 304 (2ms)
2025-12-06 13:29:53 +07:00: GET /api/production - 304 (10ms)
2025-12-06 13:29:56 +07:00: GET / - 200 (1ms)
2025-12-06 13:29:56 +07:00: GET /api/working-days - 200 (2ms)
2025-12-06 13:29:56 +07:00: GET /api/work-days - 200 (3ms)
2025-12-06 13:29:56 +07:00: GET /favicon.ico - 404 (1ms)
2025-12-06 13:29:56 +07:00: GET /api/production - 304 (5ms)
2025-12-06 13:29:56 +07:00: GET / - 200 (1ms)
2025-12-06 13:29:56 +07:00: GET /api/work-days - 200 (2ms)
2025-12-06 13:29:56 +07:00: GET /api/working-days - 200 (1ms)
2025-12-06 13:29:56 +07:00: GET /favicon.ico - 404 (0ms)
2025-12-06 13:29:56 +07:00: GET /api/production - 304 (5ms)
2025-12-06 13:30:06 +07:00: GET / - 200 (1ms)
2025-12-06 13:30:06 +07:00: GET /api/working-days - 200 (2ms)
2025-12-06 13:30:06 +07:00: GET /api/work-days - 200 (2ms)
2025-12-06 13:30:06 +07:00: GET /favicon.ico - 404 (1ms)
2025-12-06 13:30:06 +07:00: GET /api/production - 304 (6ms)
2025-12-06 13:30:54 +07:00: GET / - 200 (1ms)
2025-12-06 13:30:54 +07:00: GET /api/work-days - 200 (1ms)
2025-12-06 13:30:54 +07:00: GET /api/working-days - 200 (1ms)
2025-12-06 13:30:54 +07:00: GET /favicon.ico - 404 (0ms)
2025-12-06 13:30:54 +07:00: GET /api/production - 304 (5ms)
2025-12-06 13:30:55 +07:00: GET / - 200 (0ms)
2025-12-06 13:30:55 +07:00: GET /api/work-days - 200 (2ms)
2025-12-06 13:30:55 +07:00: GET /api/working-days - 200 (1ms)
2025-12-06 13:30:55 +07:00: GET /favicon.ico - 404 (1ms)
2025-12-06 13:30:55 +07:00: GET /api/production - 304 (5ms)
2025-12-06 13:30:56 +07:00: GET / - 200 (1ms)
2025-12-06 13:30:56 +07:00: GET /api/work-days - 200 (2ms)
2025-12-06 13:30:56 +07:00: GET /api/working-days - 200 (1ms)
2025-12-06 13:30:56 +07:00: GET /favicon.ico - 404 (1ms)
2025-12-06 13:30:56 +07:00: GET /api/production - 304 (7ms)
2025-12-06 13:30:56 +07:00: GET / - 200 (2ms)
2025-12-06 13:30:56 +07:00: GET /api/working-days - 200 (2ms)
2025-12-06 13:30:56 +07:00: GET /api/work-days - 200 (2ms)
2025-12-06 13:30:56 +07:00: GET /favicon.ico - 404 (1ms)
2025-12-06 13:30:56 +07:00: GET /api/production - 304 (6ms)
2025-12-06 13:30:56 +07:00: GET / - 200 (1ms)
2025-12-06 13:30:56 +07:00: GET /api/working-days - 200 (2ms)
2025-12-06 13:30:56 +07:00: GET /api/work-days - 200 (2ms)
2025-12-06 13:30:56 +07:00: GET /favicon.ico - 404 (1ms)
2025-12-06 13:30:56 +07:00: GET /api/production - 304 (7ms)
2025-12-06 13:30:56 +07:00: GET / - 200 (1ms)
2025-12-06 13:30:56 +07:00: GET /api/working-days - 200 (3ms)
2025-12-06 13:30:56 +07:00: GET /api/work-days - 200 (1ms)
2025-12-06 13:30:56 +07:00: GET /favicon.ico - 404 (1ms)
2025-12-06 13:30:56 +07:00: GET /api/production - 304 (6ms)
2025-12-06 13:30:56 +07:00: GET / - 200 (1ms)
2025-12-06 13:30:57 +07:00: GET /api/work-days - 200 (2ms)
2025-12-06 13:30:57 +07:00: GET /api/working-days - 200 (1ms)
2025-12-06 13:30:57 +07:00: GET /favicon.ico - 404 (0ms)
2025-12-06 13:30:57 +07:00: GET /api/production - 304 (4ms)
2025-12-06 13:30:57 +07:00: GET / - 200 (1ms)
2025-12-06 13:30:57 +07:00: GET /api/working-days - 200 (2ms)
2025-12-06 13:30:57 +07:00: GET /api/work-days - 200 (2ms)
2025-12-06 13:30:57 +07:00: GET /favicon.ico - 404 (1ms)
2025-12-06 13:30:57 +07:00: GET /api/production - 304 (5ms)
2025-12-06 13:30:57 +07:00: GET / - 200 (1ms)
2025-12-06 13:30:57 +07:00: GET /api/work-days - 200 (1ms)
2025-12-06 13:30:57 +07:00: GET /api/working-days - 200 (1ms)
2025-12-06 13:30:57 +07:00: GET /favicon.ico - 404 (0ms)
2025-12-06 13:30:57 +07:00: GET /api/production - 304 (6ms)
2025-12-06 13:30:57 +07:00: GET / - 200 (1ms)
2025-12-06 13:30:57 +07:00: GET /api/work-days - 200 (2ms)
2025-12-06 13:30:57 +07:00: GET /api/working-days - 200 (1ms)
2025-12-06 13:30:57 +07:00: GET /favicon.ico - 404 (0ms)
2025-12-06 13:30:57 +07:00: GET /api/production - 304 (5ms)
2025-12-06 13:30:57 +07:00: GET / - 200 (1ms)
2025-12-06 13:30:57 +07:00: GET /api/work-days - 200 (2ms)
2025-12-06 13:30:57 +07:00: GET /api/working-days - 200 (3ms)
2025-12-06 13:30:57 +07:00: GET /favicon.ico - 404 (0ms)
2025-12-06 13:30:58 +07:00: GET /api/production - 304 (6ms)
2025-12-06 13:32:02 +07:00: GET / - 200 (0ms)
2025-12-06 13:32:02 +07:00: GET /api/work-days - 200 (3ms)
2025-12-06 13:32:02 +07:00: GET /api/working-days - 200 (1ms)
2025-12-06 13:32:02 +07:00: GET /favicon.ico - 404 (1ms)
2025-12-06 13:32:02 +07:00: GET /api/production - 304 (5ms)
2025-12-06 13:32:03 +07:00: GET / - 200 (0ms)
2025-12-06 13:32:03 +07:00: GET /api/working-days - 200 (3ms)
2025-12-06 13:32:03 +07:00: GET /api/work-days - 200 (1ms)
2025-12-06 13:32:03 +07:00: GET /favicon.ico - 404 (0ms)
2025-12-06 13:32:03 +07:00: GET /api/production - 304 (6ms)
2025-12-06 13:32:04 +07:00: 📥 Cache refresh requested...
2025-12-06 13:32:04 +07:00: Starting DB refresh...
2025-12-06 13:32:05 +07:00: ✓ Refreshed 1380 records from DB
2025-12-06 13:32:05 +07:00: POST /api/refresh-cache - 200 (1195ms)
2025-12-06 13:32:06 +07:00: GET /api/work-days - 304 (2ms)
2025-12-06 13:32:06 +07:00: GET /api/working-days - 304 (2ms)
2025-12-06 13:32:06 +07:00: GET /api/production - 304 (6ms)
2025-12-06 13:32:18 +07:00: GET / - 304 (2ms)
2025-12-06 13:32:18 +07:00: GET /api/work-days - 304 (1ms)
2025-12-06 13:32:18 +07:00: GET /api/working-days - 304 (1ms)
2025-12-06 13:32:18 +07:00: GET /favicon.ico - 404 (1ms)
2025-12-06 13:32:18 +07:00: GET /api/production - 304 (7ms)
2025-12-06 13:32:20 +07:00: 📥 Cache refresh requested...
2025-12-06 13:32:20 +07:00: Starting DB refresh...
2025-12-06 13:32:21 +07:00: ✓ Refreshed 1380 records from DB
2025-12-06 13:32:21 +07:00: POST /api/refresh-cache - 200 (888ms)
2025-12-06 13:32:22 +07:00: GET /api/work-days - 304 (1ms)
2025-12-06 13:32:22 +07:00: GET /api/working-days - 304 (1ms)
2025-12-06 13:32:22 +07:00: GET /api/production - 304 (8ms)
2025-12-06 13:46:27 +07:00: GET / - 200 (0ms)
2025-12-06 13:46:27 +07:00: GET /api/work-days - 200 (1ms)
2025-12-06 13:46:27 +07:00: GET /api/working-days - 200 (2ms)
2025-12-06 13:46:27 +07:00: GET /favicon.ico - 404 (1ms)
2025-12-06 13:46:27 +07:00: GET /api/production - 304 (7ms)
2025-12-06 13:50:07 +07:00: GET / - 200 (1ms)
2025-12-06 13:50:10 +07:00: GET /api/working-days - 200 (2ms)
2025-12-06 13:50:10 +07:00: GET /api/work-days - 200 (1ms)
2025-12-06 13:50:10 +07:00: GET /favicon.ico - 404 (0ms)
2025-12-06 13:50:10 +07:00: GET /api/production - 304 (6ms)
2025-12-06 13:51:48 +07:00: ✓ Graceful shutdown handlers registered
2025-12-06 13:51:52 +07:00: ✓ Graceful shutdown handlers registered
2025-12-06 13:51:56 +07:00: ✓ Graceful shutdown handlers registered
2025-12-06 13:52:00 +07:00: ✓ Graceful shutdown handlers registered
2025-12-06 13:52:05 +07:00: ✓ Graceful shutdown handlers registered
2025-12-06 13:52:09 +07:00: ✓ Graceful shutdown handlers registered
2025-12-06 13:52:14 +07:00: ✓ Graceful shutdown handlers registered
2025-12-06 13:52:18 +07:00: ✓ Graceful shutdown handlers registered
00: GET /api/work-days - 200 (1ms)
2025-12-06 13:52:17 +07:00: GET /api/working-days - 200 (1ms)
2025-12-06 13:52:17 +07:00: GET /favicon.ico - 404 (0ms)
2025-12-06 13:52:17 +07:00: GET /api/production - 304 (5ms)
2025-12-06 13:52:17 +07:00: GET / - 200 (1ms)
2025-12-06 13:52:18 +07:00: GET /api/work-days - 200 (2ms)
2025-12-06 13:52:18 +07:00: GET /api/working-days - 200 (2ms)
2025-12-06 13:52:18 +07:00: GET /favicon.ico - 404 (1ms)
2025-12-06 13:52:18 +07:00: GET /api/production - 304 (6ms)
2025-12-06 13:52:26 +07:00: ✓ Graceful shutdown handlers registered
2025-12-06 13:52:26 +07:00: ✓ Server is running on http://localhost:3000
2025-12-06 13:52:26 +07:00: ✓ Access from: http://10.247.199.210:3000
2025-12-06 13:52:26 +07:00: ✓ Health check: http://10.247.199.210:3000/health
2025-12-06 13:52:26 +07:00: ✓ Cache system ready (lazy load enabled)
2025-12-06 13:53:21 +07:00: ✓ Graceful shutdown handlers registered
2025-12-06 13:53:21 +07:00: ✓ Server is running on http://localhost:3000
2025-12-06 13:53:21 +07:00: ✓ Access from: http://10.247.199.210:3000
2025-12-06 13:53:21 +07:00: ✓ Health check: http://10.247.199.210:3000/health
2025-12-06 13:53:21 +07:00: ✓ Cache system ready (lazy load enabled)
2025-12-06 13:53:30 +07:00: GET / - 200 (1ms)
2025-12-06 13:53:31 +07:00: GET /api/working-days - 200 (2ms)
2025-12-06 13:53:31 +07:00: GET /api/work-days - 200 (2ms)
2025-12-06 13:53:31 +07:00: GET /favicon.ico - 404 (0ms)
2025-12-06 13:53:31 +07:00: GET /api/production - 304 (6ms)
2025-12-06 13:53:31 +07:00: GET / - 200 (1ms)
2025-12-06 13:53:32 +07:00: GET /api/working-days - 200 (2ms)
2025-12-06 13:53:32 +07:00: GET /api/work-days - 200 (1ms)
2025-12-06 13:53:32 +07:00: GET /favicon.ico - 404 (1ms)
2025-12-06 13:53:32 +07:00: GET /api/production - 304 (11ms)
2025-12-06 13:53:33 +07:00: 📥 Cache refresh requested...
2025-12-06 13:53:33 +07:00: Starting DB refresh...
2025-12-06 13:53:33 +07:00: ✓ Refreshed 1381 records from DB
2025-12-06 13:53:34 +07:00: POST /api/refresh-cache - 200 (831ms)
2025-12-06 13:53:35 +07:00: GET /api/work-days - 304 (2ms)
2025-12-06 13:53:35 +07:00: GET /api/working-days - 304 (2ms)
2025-12-06 13:53:35 +07:00: GET /api/production - 304 (6ms)
2025-12-06 13:53:36 +07:00: GET / - 200 (2ms)
2025-12-06 13:53:36 +07:00: GET /api/work-days - 200 (2ms)
2025-12-06 13:53:36 +07:00: GET /api/working-days - 200 (1ms)
2025-12-06 13:53:36 +07:00: GET /favicon.ico - 404 (1ms)
2025-12-06 13:53:36 +07:00: GET /api/production - 304 (4ms)
2025-12-06 13:53:37 +07:00: GET / - 200 (1ms)
2025-12-06 13:53:37 +07:00: GET /api/work-days - 200 (1ms)
2025-12-06 13:53:37 +07:00: GET /api/working-days - 200 (0ms)
2025-12-06 13:53:37 +07:00: GET /favicon.ico - 404 (0ms)
2025-12-06 13:53:37 +07:00: GET /api/production - 304 (6ms)
2025-12-06 13:53:37 +07:00: GET / - 200 (1ms)
2025-12-06 13:53:37 +07:00: GET /api/working-days - 200 (2ms)
2025-12-06 13:53:37 +07:00: GET /api/work-days - 200 (2ms)
2025-12-06 13:53:37 +07:00: GET /favicon.ico - 404 (1ms)
2025-12-06 13:53:37 +07:00: GET /api/production - 304 (7ms)
2025-12-06 13:53:37 +07:00: GET / - 200 (1ms)
2025-12-06 13:53:38 +07:00: GET /api/work-days - 200 (2ms)
2025-12-06 13:53:38 +07:00: GET /api/working-days - 200 (3ms)
2025-12-06 13:53:38 +07:00: GET /favicon.ico - 404 (0ms)
2025-12-06 13:53:38 +07:00: GET /api/production - 304 (6ms)
2025-12-06 13:53:38 +07:00: GET / - 200 (1ms)
2025-12-06 13:53:38 +07:00: GET / - 200 (1ms)
2025-12-06 13:53:39 +07:00: GET /api/work-days - 200 (2ms)
2025-12-06 13:53:39 +07:00: GET /api/working-days - 200 (1ms)
2025-12-06 13:53:39 +07:00: GET /favicon.ico - 404 (1ms)
2025-12-06 13:53:39 +07:00: GET /api/production - 304 (7ms)
2025-12-06 13:54:53 +07:00: GET /api/production - 200 (11ms)
2025-12-06 13:55:38 +07:00: 📥 Cache refresh requested...
2025-12-06 13:55:38 +07:00: Starting DB refresh...
2025-12-06 13:55:39 +07:00: ✓ Refreshed 1381 records from DB
2025-12-06 13:55:39 +07:00: POST /api/refresh-cache - 200 (696ms)
2025-12-06 13:56:00 +07:00: GET / - 200 (1ms)
2025-12-06 13:56:01 +07:00: GET /api/work-days - 200 (2ms)
2025-12-06 13:56:01 +07:00: GET /api/working-days - 200 (2ms)
2025-12-06 13:56:01 +07:00: GET /favicon.ico - 404 (0ms)
2025-12-06 13:56:01 +07:00: GET /api/production - 304 (6ms)
2025-12-06 13:56:02 +07:00: GET / - 200 (1ms)
2025-12-06 13:56:02 +07:00: GET /api/work-days - 200 (1ms)
2025-12-06 13:56:02 +07:00: GET /api/working-days - 200 (2ms)
2025-12-06 13:56:02 +07:00: GET /favicon.ico - 404 (0ms)
2025-12-06 13:56:02 +07:00: GET /api/production - 304 (5ms)
2025-12-06 13:56:02 +07:00: GET / - 200 (0ms)
2025-12-06 13:56:02 +07:00: GET /api/work-days - 200 (2ms)
2025-12-06 13:56:02 +07:00: GET /api/working-days - 200 (2ms)
2025-12-06 13:56:02 +07:00: GET /favicon.ico - 404 (0ms)
2025-12-06 13:56:02 +07:00: GET /api/production - 304 (6ms)
2025-12-06 13:56:03 +07:00: GET / - 200 (2ms)
2025-12-06 13:56:03 +07:00: GET / - 200 (1ms)
2025-12-06 13:56:43 +07:00: GET / - 304 (0ms)
2025-12-06 13:56:43 +07:00: GET /api/working-days - 304 (2ms)
2025-12-06 13:56:43 +07:00: GET /api/work-days - 304 (2ms)
2025-12-06 13:56:43 +07:00: GET /favicon.ico - 404 (1ms)
2025-12-06 13:56:43 +07:00: GET /api/production - 304 (5ms)
2025-12-06 13:56:44 +07:00: GET / - 200 (1ms)
2025-12-06 13:56:45 +07:00: GET /api/work-days - 200 (1ms)
2025-12-06 13:56:45 +07:00: GET /api/working-days - 200 (1ms)
2025-12-06 13:56:45 +07:00: GET /favicon.ico - 404 (1ms)
2025-12-06 13:56:45 +07:00: GET /api/production - 304 (6ms)
2025-12-06 13:56:45 +07:00: GET / - 200 (0ms)
2025-12-06 13:56:45 +07:00: GET / - 200 (1ms)
2025-12-06 13:56:46 +07:00: GET / - 200 (1ms)
2025-12-06 13:56:49 +07:00: GET /api/work-days - 200 (2ms)
2025-12-06 13:56:49 +07:00: GET /api/working-days - 200 (2ms)
2025-12-06 13:56:49 +07:00: GET /favicon.ico - 404 (1ms)
2025-12-06 13:56:49 +07:00: GET /api/production - 304 (5ms)
2025-12-06 13:58:25 +07:00: 📥 Cache refresh requested...
2025-12-06 13:58:25 +07:00: Starting DB refresh...
2025-12-06 13:58:26 +07:00: ✓ Refreshed 1381 records from DB
2025-12-06 13:58:26 +07:00: POST /api/refresh-cache - 200 (1182ms)
2025-12-06 13:58:27 +07:00: GET /api/work-days - 304 (2ms)
2025-12-06 13:58:27 +07:00: GET /api/working-days - 304 (2ms)
2025-12-06 13:58:27 +07:00: GET /api/production - 304 (5ms)
2025-12-06 13:59:26 +07:00: ✓ Graceful shutdown handlers registered
2025-12-06 13:59:28 +07:00: ✓ Graceful shutdown handlers registered
2025-12-06 13:59:30 +07:00: ✓ Graceful shutdown handlers registered
2025-12-06 13:59:31 +07:00: ✓ Graceful shutdown handlers registered
2025-12-06 13:59:33 +07:00: ✓ Graceful shutdown handlers registered
2025-12-06 13:59:35 +07:00: ✓ Graceful shutdown handlers registered
2025-12-06 13:59:38 +07:00: ✓ Graceful shutdown handlers registered
2025-12-06 13:59:40 +07:00: ✓ Graceful shutdown handlers registered
2025-12-06 13:59:44 +07:00: ✓ Graceful shutdown handlers registered
2025-12-06 13:59:48 +07:00: ✓ Graceful shutdown handlers registered
2025-12-06 14:00:15 +07:00: ✓ Graceful shutdown handlers registered
2025-12-06 14:00:15 +07:00: ✓ Server is running on http://localhost:3000
2025-12-06 14:00:15 +07:00: ✓ Access from: http://10.247.199.210:3000
2025-12-06 14:00:15 +07:00: ✓ Health check: http://10.247.199.210:3000/health
2025-12-06 14:00:15 +07:00: ✓ Cache system ready (lazy load enabled)
2025-12-06 14:00:23 +07:00: 📥 Cache refresh requested...
2025-12-06 14:00:23 +07:00: Starting DB refresh...
2025-12-06 14:00:24 +07:00: ✓ Refreshed 1381 records from DB
2025-12-06 14:00:24 +07:00: POST /api/refresh-cache - 200 (1060ms)
2025-12-06 14:00:55 +07:00: 📥 Cache refresh requested...
2025-12-06 14:00:55 +07:00: Starting DB refresh...
2025-12-06 14:00:56 +07:00: ✓ Refreshed 1381 records from DB
2025-12-06 14:00:56 +07:00: POST /api/refresh-cache - 200 (1164ms)
2025-12-06 14:00:57 +07:00: GET /api/work-days - 304 (2ms)
2025-12-06 14:00:57 +07:00: GET /api/working-days - 304 (1ms)
2025-12-06 14:00:57 +07:00: GET /api/production - 304 (7ms)
2025-12-06 14:00:58 +07:00: GET / - 200 (1ms)
2025-12-06 14:00:58 +07:00: GET /api/work-days - 200 (2ms)
2025-12-06 14:00:58 +07:00: GET /api/working-days - 200 (2ms)
2025-12-06 14:00:58 +07:00: GET /favicon.ico - 404 (0ms)
2025-12-06 14:00:58 +07:00: GET /api/production - 304 (6ms)
2025-12-06 14:00:59 +07:00: GET / - 200 (0ms)
2025-12-06 14:00:59 +07:00: GET /api/work-days - 200 (2ms)
2025-12-06 14:00:59 +07:00: GET /api/working-days - 200 (2ms)
2025-12-06 14:00:59 +07:00: GET /favicon.ico - 404 (1ms)
2025-12-06 14:00:59 +07:00: GET /api/production - 304 (6ms)
2025-12-06 14:00:59 +07:00: GET / - 200 (1ms)
2025-12-06 14:00:59 +07:00: GET /api/work-days - 200 (2ms)
2025-12-06 14:00:59 +07:00: GET /api/working-days - 200 (2ms)
2025-12-06 14:00:59 +07:00: GET /favicon.ico - 404 (1ms)
2025-12-06 14:00:59 +07:00: GET /api/production - 304 (5ms)
2025-12-06 14:03:30 +07:00: GET / - 200 (1ms)
2025-12-06 14:03:30 +07:00: GET /api/work-days - 200 (2ms)
2025-12-06 14:03:30 +07:00: GET /api/working-days - 200 (2ms)
2025-12-06 14:03:30 +07:00: GET /favicon.ico - 404 (2ms)
2025-12-06 14:03:30 +07:00: GET /api/production - 304 (7ms)
2025-12-06 14:03:31 +07:00: GET / - 200 (1ms)
2025-12-06 14:03:31 +07:00: GET /api/work-days - 200 (3ms)
2025-12-06 14:03:31 +07:00: GET /api/working-days - 200 (1ms)
2025-12-06 14:03:31 +07:00: GET /favicon.ico - 404 (0ms)
2025-12-06 14:03:31 +07:00: GET /api/production - 304 (5ms)
2025-12-06 14:03:31 +07:00: GET / - 200 (1ms)
2025-12-06 14:03:31 +07:00: GET /api/work-days - 200 (2ms)
2025-12-06 14:03:31 +07:00: GET /api/working-days - 200 (1ms)
2025-12-06 14:03:31 +07:00: GET /favicon.ico - 404 (1ms)
2025-12-06 14:03:31 +07:00: GET /api/production - 304 (5ms)
2025-12-06 14:03:31 +07:00: GET / - 200 (2ms)
2025-12-06 14:03:31 +07:00: GET /api/working-days - 200 (2ms)
2025-12-06 14:03:31 +07:00: GET /api/work-days - 200 (2ms)
2025-12-06 14:03:31 +07:00: GET /favicon.ico - 404 (1ms)
2025-12-06 14:03:31 +07:00: GET /api/production - 304 (6ms)
2025-12-06 14:03:32 +07:00: GET / - 200 (1ms)
2025-12-06 14:03:32 +07:00: GET /api/work-days - 200 (2ms)
2025-12-06 14:03:32 +07:00: GET /api/working-days - 200 (1ms)
2025-12-06 14:03:32 +07:00: GET /favicon.ico - 404 (1ms)
2025-12-06 14:03:32 +07:00: GET /api/production - 304 (7ms)
2025-12-06 14:03:32 +07:00: GET / - 200 (1ms)
2025-12-06 14:03:32 +07:00: GET /api/work-days - 200 (2ms)
2025-12-06 14:03:32 +07:00: GET /api/working-days - 200 (0ms)
2025-12-06 14:03:32 +07:00: GET /favicon.ico - 404 (0ms)
2025-12-06 14:03:32 +07:00: GET /api/production - 304 (6ms)
2025-12-06 14:03:32 +07:00: GET / - 200 (1ms)
2025-12-06 14:03:32 +07:00: GET /api/work-days - 200 (2ms)
2025-12-06 14:03:32 +07:00: GET /api/working-days - 200 (2ms)
2025-12-06 14:03:32 +07:00: GET /favicon.ico - 404 (0ms)
2025-12-06 14:03:32 +07:00: GET /api/production - 304 (5ms)
2025-12-06 14:03:32 +07:00: GET / - 200 (1ms)
2025-12-06 14:03:32 +07:00: GET /api/work-days - 200 (1ms)
2025-12-06 14:03:32 +07:00: GET /api/working-days - 200 (2ms)
2025-12-06 14:03:32 +07:00: GET /favicon.ico - 404 (0ms)
2025-12-06 14:03:32 +07:00: GET /api/production - 304 (5ms)
2025-12-06 14:03:32 +07:00: GET / - 200 (0ms)
2025-12-06 14:03:32 +07:00: GET /api/work-days - 200 (2ms)
2025-12-06 14:03:32 +07:00: GET /api/working-days - 200 (1ms)
2025-12-06 14:03:32 +07:00: GET /favicon.ico - 404 (0ms)
2025-12-06 14:03:32 +07:00: GET /api/production - 304 (5ms)
2025-12-06 14:03:32 +07:00: GET / - 200 (1ms)
2025-12-06 14:03:32 +07:00: GET /api/work-days - 200 (2ms)
2025-12-06 14:03:32 +07:00: GET /api/working-days - 200 (1ms)
2025-12-06 14:03:32 +07:00: GET /favicon.ico - 404 (0ms)
2025-12-06 14:03:32 +07:00: GET / - 200 (1ms)
2025-12-06 14:03:32 +07:00: GET /api/production - 304 (6ms)
2025-12-06 14:03:33 +07:00: GET /api/work-days - 200 (1ms)
2025-12-06 14:03:33 +07:00: GET /api/working-days - 200 (1ms)
2025-12-06 14:03:33 +07:00: GET /api/production - 200 (6ms)
2025-12-06 14:03:33 +07:00: 📥 Cache refresh requested...
2025-12-06 14:03:33 +07:00: Starting DB refresh...
2025-12-06 14:03:34 +07:00: ✓ Refreshed 1381 records from DB
2025-12-06 14:03:34 +07:00: POST /api/refresh-cache - 200 (1035ms)
2025-12-06 14:03:35 +07:00: GET /api/working-days - 304 (2ms)
2025-12-06 14:03:35 +07:00: GET /api/work-days - 304 (2ms)
2025-12-06 14:03:35 +07:00: GET /api/production - 304 (6ms)
2025-12-06 14:09:43 +07:00: GET / - 304 (1ms)
2025-12-06 14:09:43 +07:00: GET /api/work-days - 304 (2ms)
2025-12-06 14:09:43 +07:00: GET /api/working-days - 304 (1ms)
2025-12-06 14:09:43 +07:00: GET /api/production - 304 (7ms)
2025-12-06 14:09:45 +07:00: GET / - 200 (1ms)
2025-12-06 14:09:46 +07:00: GET /api/work-days - 200 (2ms)
2025-12-06 14:09:46 +07:00: GET /api/working-days - 200 (1ms)
2025-12-06 14:09:46 +07:00: GET /favicon.ico - 404 (1ms)
2025-12-06 14:09:46 +07:00: GET /api/production - 304 (7ms)
2025-12-06 14:09:46 +07:00: GET / - 200 (0ms)
2025-12-06 14:09:46 +07:00: GET /api/working-days - 200 (2ms)
2025-12-06 14:09:46 +07:00: GET /api/work-days - 200 (2ms)
2025-12-06 14:09:46 +07:00: GET /favicon.ico - 404 (0ms)
2025-12-06 14:09:46 +07:00: GET /api/production - 304 (6ms)
2025-12-06 14:09:46 +07:00: GET / - 200 (1ms)
2025-12-06 14:09:47 +07:00: GET /api/working-days - 200 (2ms)
2025-12-06 14:09:47 +07:00: GET /api/work-days - 200 (2ms)
2025-12-06 14:09:47 +07:00: GET /favicon.ico - 404 (0ms)
2025-12-06 14:09:47 +07:00: GET /api/production - 304 (9ms)
2025-12-06 14:09:47 +07:00: GET / - 200 (1ms)
2025-12-06 14:09:47 +07:00: GET /api/work-days - 200 (2ms)
2025-12-06 14:09:47 +07:00: GET /api/working-days - 200 (2ms)
2025-12-06 14:09:47 +07:00: GET /favicon.ico - 404 (1ms)
2025-12-06 14:09:47 +07:00: GET /api/production - 304 (4ms)
2025-12-06 14:09:47 +07:00: GET / - 200 (1ms)
2025-12-06 14:09:47 +07:00: GET /api/work-days - 200 (1ms)
2025-12-06 14:09:47 +07:00: GET /api/working-days - 200 (2ms)
2025-12-06 14:09:47 +07:00: GET /favicon.ico - 404 (0ms)
2025-12-06 14:09:47 +07:00: GET /api/production - 304 (7ms)
2025-12-06 14:09:47 +07:00: GET / - 200 (0ms)
2025-12-06 14:09:47 +07:00: GET /api/work-days - 200 (2ms)
2025-12-06 14:09:47 +07:00: GET /api/working-days - 200 (1ms)
2025-12-06 14:09:47 +07:00: GET /favicon.ico - 404 (0ms)
2025-12-06 14:09:47 +07:00: GET /api/production - 304 (4ms)
2025-12-06 14:09:47 +07:00: GET / - 200 (1ms)
2025-12-06 14:09:47 +07:00: GET /api/work-days - 200 (2ms)
2025-12-06 14:09:47 +07:00: GET /api/working-days - 200 (1ms)
2025-12-06 14:09:47 +07:00: GET /favicon.ico - 404 (0ms)
2025-12-06 14:09:47 +07:00: GET /api/production - 304 (5ms)
2025-12-06 14:09:48 +07:00: 📥 Cache refresh requested...
2025-12-06 14:09:48 +07:00: Starting DB refresh...
2025-12-06 14:09:49 +07:00: ✓ Refreshed 1381 records from DB
2025-12-06 14:09:49 +07:00: POST /api/refresh-cache - 200 (1014ms)
2025-12-06 14:09:50 +07:00: GET /api/work-days - 304 (1ms)
2025-12-06 14:09:50 +07:00: GET /api/working-days - 304 (2ms)
2025-12-06 14:09:50 +07:00: GET /api/production - 304 (4ms)
2025-12-06 14:11:11 +07:00: GET / - 200 (1ms)
2025-12-06 14:11:11 +07:00: GET /api/working-days - 200 (2ms)
2025-12-06 14:11:11 +07:00: GET /api/work-days - 200 (0ms)
2025-12-06 14:11:11 +07:00: GET /favicon.ico - 404 (1ms)
2025-12-06 14:11:11 +07:00: GET /api/production - 200 (5ms)
2025-12-06 14:11:12 +07:00: GET / - 200 (1ms)
2025-12-06 14:11:13 +07:00: GET /api/work-days - 200 (1ms)
2025-12-06 14:11:13 +07:00: GET /api/working-days - 200 (1ms)
2025-12-06 14:11:13 +07:00: GET /favicon.ico - 404 (1ms)
2025-12-06 14:11:13 +07:00: GET /api/production - 200 (4ms)
2025-12-06 14:11:13 +07:00: 📥 Cache refresh requested...
2025-12-06 14:11:13 +07:00: Starting DB refresh...
2025-12-06 14:11:14 +07:00: ✓ Refreshed 1381 records from DB
2025-12-06 14:11:14 +07:00: POST /api/refresh-cache - 200 (1047ms)
2025-12-06 14:11:16 +07:00: GET / - 200 (1ms)
2025-12-06 14:11:16 +07:00: GET /api/work-days - 200 (2ms)
2025-12-06 14:11:16 +07:00: GET /api/working-days - 200 (2ms)
2025-12-06 14:11:16 +07:00: GET /favicon.ico - 404 (1ms)
2025-12-06 14:11:16 +07:00: GET /api/production - 200 (6ms)
2025-12-06 14:11:16 +07:00: GET / - 200 (1ms)
2025-12-06 14:11:16 +07:00: GET /api/working-days - 200 (3ms)
2025-12-06 14:11:16 +07:00: GET /api/work-days - 200 (2ms)
2025-12-06 14:11:16 +07:00: GET /favicon.ico - 404 (2ms)
2025-12-06 14:11:16 +07:00: GET /api/production - 200 (5ms)
2025-12-06 14:11:16 +07:00: GET / - 200 (2ms)
2025-12-06 14:11:17 +07:00: GET /api/working-days - 200 (1ms)
2025-12-06 14:11:17 +07:00: GET /api/work-days - 200 (1ms)
2025-12-06 14:11:17 +07:00: GET /favicon.ico - 404 (1ms)
2025-12-06 14:11:17 +07:00: GET /api/production - 200 (6ms)
2025-12-06 14:11:18 +07:00: GET / - 200 (1ms)
2025-12-06 14:11:18 +07:00: GET /api/working-days - 200 (2ms)
2025-12-06 14:11:18 +07:00: GET /api/work-days - 200 (1ms)
2025-12-06 14:11:18 +07:00: GET /favicon.ico - 404 (0ms)
2025-12-06 14:11:19 +07:00: GET /api/production - 200 (5ms)
2025-12-06 14:11:19 +07:00: GET / - 200 (1ms)
2025-12-06 14:11:19 +07:00: GET /api/work-days - 200 (0ms)
2025-12-06 14:11:19 +07:00: GET /api/working-days - 200 (0ms)
2025-12-06 14:11:19 +07:00: GET /favicon.ico - 404 (0ms)
2025-12-06 14:11:19 +07:00: GET /api/production - 200 (5ms)
2025-12-06 14:11:19 +07:00: GET / - 200 (1ms)
2025-12-06 14:11:19 +07:00: GET /api/work-days - 200 (2ms)
2025-12-06 14:11:19 +07:00: GET /favicon.ico - 404 (1ms)
2025-12-06 14:11:19 +07:00: GET /api/working-days - 200 (1ms)
2025-12-06 14:11:19 +07:00: GET /api/production - 200 (6ms)
2025-12-06 14:11:19 +07:00: GET / - 200 (1ms)
2025-12-06 14:11:19 +07:00: GET /api/work-days - 200 (1ms)
2025-12-06 14:11:19 +07:00: GET /api/working-days - 200 (1ms)
2025-12-06 14:11:19 +07:00: GET /favicon.ico - 404 (0ms)
2025-12-06 14:11:19 +07:00: GET /api/production - 200 (8ms)
2025-12-06 14:11:27 +07:00: GET / - 304 (1ms)
2025-12-06 14:11:27 +07:00: GET /api/work-days - 304 (1ms)
2025-12-06 14:11:27 +07:00: GET /api/working-days - 304 (0ms)
2025-12-06 14:11:27 +07:00: GET /api/production - 200 (4ms)
2025-12-06 14:11:28 +07:00: GET / - 304 (0ms)
2025-12-06 14:11:28 +07:00: GET /api/work-days - 304 (2ms)
2025-12-06 14:11:28 +07:00: GET /api/working-days - 304 (1ms)
2025-12-06 14:11:28 +07:00: GET /api/production - 200 (8ms)
2025-12-06 14:12:28 +07:00: GET / - 304 (1ms)
2025-12-06 14:12:28 +07:00: GET /api/work-days - 304 (2ms)
2025-12-06 14:12:28 +07:00: GET /api/working-days - 304 (2ms)
2025-12-06 14:12:28 +07:00: GET /api/production - 200 (8ms)
2025-12-06 14:12:29 +07:00: GET / - 200 (1ms)
2025-12-06 14:12:29 +07:00: GET /api/work-days - 200 (2ms)
2025-12-06 14:12:29 +07:00: GET /api/working-days - 200 (1ms)
2025-12-06 14:12:29 +07:00: GET /favicon.ico - 404 (1ms)
2025-12-06 14:12:29 +07:00: GET /api/production - 200 (6ms)
2025-12-06 14:12:30 +07:00: GET / - 200 (1ms)
2025-12-06 14:12:30 +07:00: GET /api/work-days - 200 (3ms)
2025-12-06 14:12:30 +07:00: GET /api/working-days - 200 (2ms)
2025-12-06 14:12:30 +07:00: GET /favicon.ico - 404 (0ms)
2025-12-06 14:12:30 +07:00: GET /api/production - 200 (6ms)
2025-12-06 14:12:30 +07:00: GET / - 200 (1ms)
2025-12-06 14:12:30 +07:00: GET /api/work-days - 200 (2ms)
2025-12-06 14:12:30 +07:00: GET /api/working-days - 200 (2ms)
2025-12-06 14:12:30 +07:00: GET /favicon.ico - 404 (1ms)
2025-12-06 14:12:30 +07:00: GET /api/production - 200 (5ms)
2025-12-06 14:12:30 +07:00: GET / - 200 (1ms)
2025-12-06 14:12:30 +07:00: GET /api/working-days - 200 (2ms)
2025-12-06 14:12:30 +07:00: GET /api/work-days - 200 (1ms)
2025-12-06 14:12:30 +07:00: GET /favicon.ico - 404 (0ms)
2025-12-06 14:12:30 +07:00: GET /api/production - 200 (6ms)
2025-12-06 14:12:30 +07:00: GET / - 200 (0ms)
2025-12-06 14:12:30 +07:00: GET /api/work-days - 200 (2ms)
2025-12-06 14:12:30 +07:00: GET /api/working-days - 200 (1ms)
2025-12-06 14:12:30 +07:00: GET /favicon.ico - 404 (1ms)
2025-12-06 14:12:30 +07:00: GET /api/production - 200 (6ms)
2025-12-06 14:32:58 +07:00: ✓ Graceful shutdown handlers registered
2025-12-06 14:32:58 +07:00: ✓ Server is running on http://localhost:3000
2025-12-06 14:32:58 +07:00: ✓ Access from: http://10.247.199.210:3000
2025-12-06 14:32:58 +07:00: ✓ Health check: http://10.247.199.210:3000/health
2025-12-06 14:32:58 +07:00: ✓ Cache system ready (lazy load enabled)
